2025-07-14 21:04:26.780 [info] Extension host with pid 30899 started
2025-07-14 21:04:26.781 [error] Error: EEXIST: file already exists, open '/home/ec2-user/.vscode-server/data/User/workspaceStorage/a7520fccaab86b17c254b43235f2c3fe/vscode.lock'
2025-07-14 21:04:26.781 [info] Lock '/home/ec2-user/.vscode-server/data/User/workspaceStorage/a7520fccaab86b17c254b43235f2c3fe/vscode.lock': Could not acquire lock, checking if the file is stale.
2025-07-14 21:04:26.795 [info] Lock '/home/ec2-user/.vscode-server/data/User/workspaceStorage/a7520fccaab86b17c254b43235f2c3fe/vscode.lock': The lock does not look stale, elapsed: 924 ms, giving up.
2025-07-14 21:04:26.936 [info] ExtensionService#_doActivateExtension vscode.git-base, startup: false, activationEvent: '*', root cause: vscode.git
2025-07-14 21:04:26.938 [info] ExtensionService#_doActivateExtension vscode.emmet, startup: false, activationEvent: 'onLanguage'
2025-07-14 21:04:26.939 [info] ExtensionService#_doActivateExtension vscode.html-language-features, startup: false, activationEvent: 'onLanguage:html'
2025-07-14 21:04:27.082 [info] Lock '/home/ec2-user/.vscode-server/data/User/workspaceStorage/a7520fccaab86b17c254b43235f2c3fe-1/vscode.lock': Lock acquired.
2025-07-14 21:04:27.325 [info] ExtensionService#_doActivateExtension vscode.git, startup: false, activationEvent: '*'
2025-07-14 21:04:27.326 [info] ExtensionService#_doActivateExtension vscode.github, startup: false, activationEvent: '*'
2025-07-14 21:04:27.945 [info] Eager extensions activated
2025-07-14 21:04:27.945 [info] ExtensionService#_doActivateExtension vscode.debug-auto-launch, startup: false, activationEvent: 'onStartupFinished'
2025-07-14 21:04:27.951 [info] ExtensionService#_doActivateExtension vscode.merge-conflict, startup: false, activationEvent: 'onStartupFinished'
2025-07-14 21:04:38.009 [warning] [Decorations] CAPPING events from decorations provider vscode.git 2191
2025-07-14 21:04:38.751 [warning] [Decorations] CAPPING events from decorations provider vscode.git 2191
2025-07-14 21:04:46.166 [warning] [Decorations] CAPPING events from decorations provider vscode.git 2191
2025-07-14 21:04:54.185 [warning] [Decorations] CAPPING events from decorations provider vscode.git 2191
2025-07-14 21:04:59.270 [warning] [Decorations] CAPPING events from decorations provider vscode.git 2191
2025-07-14 21:05:04.358 [warning] [Decorations] CAPPING events from decorations provider vscode.git 2191
2025-07-14 21:05:19.635 [warning] [Decorations] CAPPING events from decorations provider vscode.git 2191
2025-07-14 21:07:54.276 [warning] [Decorations] CAPPING events from decorations provider vscode.git 2191
2025-07-14 21:07:59.381 [warning] [Decorations] CAPPING events from decorations provider vscode.git 2191
2025-07-14 21:08:04.453 [warning] [Decorations] CAPPING events from decorations provider vscode.git 2191
2025-07-14 21:08:20.994 [warning] [Decorations] CAPPING events from decorations provider vscode.git 2191
2025-07-14 21:08:26.084 [warning] [Decorations] CAPPING events from decorations provider vscode.git 2191
2025-07-14 21:09:26.061 [warning] [Decorations] CAPPING events from decorations provider vscode.git 2191
2025-07-14 21:09:31.200 [warning] [Decorations] CAPPING events from decorations provider vscode.git 2191
2025-07-14 21:09:36.520 [warning] [Decorations] CAPPING events from decorations provider vscode.git 2191
