2025-07-14 21:04:27.887 [info] [main] Log level: Info
2025-07-14 21:04:27.888 [info] [main] Validating found git in: "git"
2025-07-14 21:04:27.888 [info] [main] Using git "2.47.1" from "git"
2025-07-14 21:04:27.890 [info] [Model][doInitialScan] Initial repository scan started
2025-07-14 21:04:27.890 [info] > git rev-parse --show-toplevel [25ms]
2025-07-14 21:04:27.891 [info] fatal: not a git repository (or any of the parent directories): .git
2025-07-14 21:04:27.913 [info] > git rev-parse --show-toplevel [26ms]
2025-07-14 21:04:27.914 [info] fatal: not a git repository (or any of the parent directories): .git
2025-07-14 21:04:27.937 [info] > git rev-parse --show-toplevel [18ms]
2025-07-14 21:04:27.938 [info] fatal: not a git repository (or any of the parent directories): .git
2025-07-14 21:04:28.104 [info] > git rev-parse --show-toplevel [162ms]
2025-07-14 21:04:28.106 [info] fatal: not a git repository (or any of the parent directories): .git
2025-07-14 21:04:28.137 [info] > git rev-parse --show-toplevel [26ms]
2025-07-14 21:04:28.137 [info] fatal: not a git repository (or any of the parent directories): .git
2025-07-14 21:04:28.152 [info] > git rev-parse --show-toplevel [10ms]
2025-07-14 21:04:28.152 [info] fatal: not a git repository (or any of the parent directories): .git
2025-07-14 21:04:28.164 [info] > git rev-parse --show-toplevel [1ms]
2025-07-14 21:04:28.164 [info] fatal: not a git repository (or any of the parent directories): .git
2025-07-14 21:04:28.176 [info] [Model][doInitialScan] Initial repository scan completed - repositories (0), closed repositories (0), parent repositories (0), unsafe repositories (0)
2025-07-14 21:04:37.836 [info] > git rev-parse --show-toplevel [2ms]
2025-07-14 21:04:37.841 [info] > git rev-parse --git-dir --git-common-dir [2ms]
2025-07-14 21:04:37.858 [info] [Model][openRepository] Opened repository (path): /home/ec2-user
2025-07-14 21:04:37.859 [info] [Model][openRepository] Opened repository (real path): /home/ec2-user
2025-07-14 21:04:37.868 [info] [Git][getRemotes] No remotes found in the git config file
2025-07-14 21:04:37.870 [info] > git config --get commit.template [6ms]
2025-07-14 21:04:37.873 [info] > git for-each-ref --format=%(refname)%00%(upstream:short)%00%(objectname)%00%(upstream:track)%00%(upstream:remotename)%00%(upstream:remoteref) refs/heads/master refs/remotes/master [5ms]
2025-07-14 21:04:37.874 [warning] [Git][getBranch] No such branch: master
2025-07-14 21:04:37.893 [info] > git for-each-ref --sort -committerdate --format %(refname)%00%(objectname)%00%(*objectname) [8ms]
2025-07-14 21:04:37.921 [info] > git status -z -uall [43ms]
2025-07-14 21:04:38.644 [info] > git for-each-ref --format=%(refname)%00%(upstream:short)%00%(objectname)%00%(upstream:track)%00%(upstream:remotename)%00%(upstream:remoteref) refs/heads/master refs/remotes/master [620ms]
2025-07-14 21:04:38.645 [warning] [Git][getBranch] No such branch: master
2025-07-14 21:04:38.645 [error] [GitHistoryProvider][resolveHEADMergeBase] Failed to resolve merge base for master: Error: No such branch: master.
2025-07-14 21:04:38.652 [info] > git config --get commit.template [38ms]
2025-07-14 21:04:38.656 [info] [Git][getRemotes] No remotes found in the git config file
2025-07-14 21:04:38.664 [info] > git for-each-ref --format=%(refname)%00%(upstream:short)%00%(objectname)%00%(upstream:track)%00%(upstream:remotename)%00%(upstream:remoteref) refs/heads/master refs/remotes/master [8ms]
2025-07-14 21:04:38.664 [warning] [Git][getBranch] No such branch: master
2025-07-14 21:04:38.678 [info] > git for-each-ref --sort -committerdate --format %(refname)%00%(objectname)%00%(*objectname) [6ms]
2025-07-14 21:04:38.697 [info] > git status -z -uall [30ms]
2025-07-14 21:04:39.304 [info] > git check-ignore -v -z --stdin [21ms]
2025-07-14 21:04:46.097 [info] [Git][getRemotes] No remotes found in the git config file
2025-07-14 21:04:46.098 [info] > git config --get commit.template [5ms]
2025-07-14 21:04:46.100 [info] > git for-each-ref --format=%(refname)%00%(upstream:short)%00%(objectname)%00%(upstream:track)%00%(upstream:remotename)%00%(upstream:remoteref) refs/heads/master refs/remotes/master [3ms]
2025-07-14 21:04:46.100 [warning] [Git][getBranch] No such branch: master
2025-07-14 21:04:46.114 [info] > git for-each-ref --sort -committerdate --format %(refname)%00%(objectname)%00%(*objectname) [2ms]
2025-07-14 21:04:46.136 [info] > git status -z -uall [33ms]
2025-07-14 21:04:54.107 [info] [Git][getRemotes] No remotes found in the git config file
2025-07-14 21:04:54.107 [info] > git config --get commit.template [4ms]
2025-07-14 21:04:54.109 [info] > git for-each-ref --format=%(refname)%00%(upstream:short)%00%(objectname)%00%(upstream:track)%00%(upstream:remotename)%00%(upstream:remoteref) refs/heads/master refs/remotes/master [3ms]
2025-07-14 21:04:54.109 [warning] [Git][getBranch] No such branch: master
2025-07-14 21:04:54.121 [info] > git for-each-ref --sort -committerdate --format %(refname)%00%(objectname)%00%(*objectname) [4ms]
2025-07-14 21:04:54.139 [info] > git status -z -uall [28ms]
2025-07-14 21:04:59.198 [info] [Git][getRemotes] No remotes found in the git config file
2025-07-14 21:04:59.199 [info] > git config --get commit.template [5ms]
2025-07-14 21:04:59.203 [info] > git for-each-ref --format=%(refname)%00%(upstream:short)%00%(objectname)%00%(upstream:track)%00%(upstream:remotename)%00%(upstream:remoteref) refs/heads/master refs/remotes/master [4ms]
2025-07-14 21:04:59.203 [warning] [Git][getBranch] No such branch: master
2025-07-14 21:04:59.214 [info] > git for-each-ref --sort -committerdate --format %(refname)%00%(objectname)%00%(*objectname) [2ms]
2025-07-14 21:04:59.231 [info] > git status -z -uall [26ms]
2025-07-14 21:05:04.285 [info] [Git][getRemotes] No remotes found in the git config file
2025-07-14 21:05:04.286 [info] > git config --get commit.template [4ms]
2025-07-14 21:05:04.288 [info] > git for-each-ref --format=%(refname)%00%(upstream:short)%00%(objectname)%00%(upstream:track)%00%(upstream:remotename)%00%(upstream:remoteref) refs/heads/master refs/remotes/master [3ms]
2025-07-14 21:05:04.288 [warning] [Git][getBranch] No such branch: master
2025-07-14 21:05:04.304 [info] > git for-each-ref --sort -committerdate --format %(refname)%00%(objectname)%00%(*objectname) [2ms]
2025-07-14 21:05:04.317 [info] > git status -z -uall [26ms]
2025-07-14 21:05:19.552 [info] [Git][getRemotes] No remotes found in the git config file
2025-07-14 21:05:19.553 [info] > git config --get commit.template [4ms]
2025-07-14 21:05:19.555 [info] > git for-each-ref --format=%(refname)%00%(upstream:short)%00%(objectname)%00%(upstream:track)%00%(upstream:remotename)%00%(upstream:remoteref) refs/heads/master refs/remotes/master [3ms]
2025-07-14 21:05:19.555 [warning] [Git][getBranch] No such branch: master
2025-07-14 21:05:19.573 [info] > git for-each-ref --sort -committerdate --format %(refname)%00%(objectname)%00%(*objectname) [11ms]
2025-07-14 21:05:19.586 [info] > git status -z -uall [29ms]
2025-07-14 21:07:54.179 [info] [Git][getRemotes] No remotes found in the git config file
2025-07-14 21:07:54.180 [info] > git config --get commit.template [4ms]
2025-07-14 21:07:54.187 [info] > git for-each-ref --format=%(refname)%00%(upstream:short)%00%(objectname)%00%(upstream:track)%00%(upstream:remotename)%00%(upstream:remoteref) refs/heads/master refs/remotes/master [7ms]
2025-07-14 21:07:54.187 [warning] [Git][getBranch] No such branch: master
2025-07-14 21:07:54.205 [info] > git for-each-ref --sort -committerdate --format %(refname)%00%(objectname)%00%(*objectname) [2ms]
2025-07-14 21:07:54.225 [info] > git status -z -uall [35ms]
2025-07-14 21:07:59.297 [info] [Git][getRemotes] No remotes found in the git config file
2025-07-14 21:07:59.298 [info] > git config --get commit.template [4ms]
2025-07-14 21:07:59.299 [info] > git for-each-ref --format=%(refname)%00%(upstream:short)%00%(objectname)%00%(upstream:track)%00%(upstream:remotename)%00%(upstream:remoteref) refs/heads/master refs/remotes/master [2ms]
2025-07-14 21:07:59.299 [warning] [Git][getBranch] No such branch: master
2025-07-14 21:07:59.315 [info] > git for-each-ref --sort -committerdate --format %(refname)%00%(objectname)%00%(*objectname) [3ms]
2025-07-14 21:07:59.330 [info] > git status -z -uall [29ms]
2025-07-14 21:08:04.394 [info] [Git][getRemotes] No remotes found in the git config file
2025-07-14 21:08:04.395 [info] > git config --get commit.template [5ms]
2025-07-14 21:08:04.396 [info] > git for-each-ref --format=%(refname)%00%(upstream:short)%00%(objectname)%00%(upstream:track)%00%(upstream:remotename)%00%(upstream:remoteref) refs/heads/master refs/remotes/master [2ms]
2025-07-14 21:08:04.397 [warning] [Git][getBranch] No such branch: master
2025-07-14 21:08:04.414 [info] > git for-each-ref --sort -committerdate --format %(refname)%00%(objectname)%00%(*objectname) [2ms]
2025-07-14 21:08:04.424 [info] > git status -z -uall [26ms]
2025-07-14 21:08:20.918 [info] [Git][getRemotes] No remotes found in the git config file
2025-07-14 21:08:20.919 [info] > git config --get commit.template [3ms]
2025-07-14 21:08:20.920 [info] > git for-each-ref --format=%(refname)%00%(upstream:short)%00%(objectname)%00%(upstream:track)%00%(upstream:remotename)%00%(upstream:remoteref) refs/heads/master refs/remotes/master [2ms]
2025-07-14 21:08:20.921 [warning] [Git][getBranch] No such branch: master
2025-07-14 21:08:20.934 [info] > git for-each-ref --sort -committerdate --format %(refname)%00%(objectname)%00%(*objectname) [2ms]
2025-07-14 21:08:20.949 [info] > git status -z -uall [26ms]
2025-07-14 21:08:26.010 [info] [Git][getRemotes] No remotes found in the git config file
2025-07-14 21:08:26.011 [info] > git config --get commit.template [4ms]
2025-07-14 21:08:26.013 [info] > git for-each-ref --format=%(refname)%00%(upstream:short)%00%(objectname)%00%(upstream:track)%00%(upstream:remotename)%00%(upstream:remoteref) refs/heads/master refs/remotes/master [3ms]
2025-07-14 21:08:26.013 [warning] [Git][getBranch] No such branch: master
2025-07-14 21:08:26.031 [info] > git for-each-ref --sort -committerdate --format %(refname)%00%(objectname)%00%(*objectname) [9ms]
2025-07-14 21:08:26.042 [info] > git status -z -uall [27ms]
2025-07-14 21:09:25.998 [info] > git config --get commit.template [5ms]
2025-07-14 21:09:26.000 [info] > git for-each-ref --format=%(refname)%00%(upstream:short)%00%(objectname)%00%(upstream:track)%00%(upstream:remotename)%00%(upstream:remoteref) refs/heads/master refs/remotes/master [3ms]
2025-07-14 21:09:26.000 [warning] [Git][getBranch] No such branch: master
2025-07-14 21:09:26.014 [info] > git for-each-ref --sort -committerdate --format %(refname)%00%(objectname)%00%(*objectname) [2ms]
2025-07-14 21:09:26.030 [info] > git status -z -uall [28ms]
2025-07-14 21:09:31.087 [info] > git config --get commit.template [4ms]
2025-07-14 21:09:31.088 [info] > git for-each-ref --format=%(refname)%00%(upstream:short)%00%(objectname)%00%(upstream:track)%00%(upstream:remotename)%00%(upstream:remoteref) refs/heads/master refs/remotes/master [2ms]
2025-07-14 21:09:31.088 [warning] [Git][getBranch] No such branch: master
2025-07-14 21:09:31.115 [info] > git for-each-ref --sort -committerdate --format %(refname)%00%(objectname)%00%(*objectname) [3ms]
2025-07-14 21:09:31.138 [info] > git status -z -uall [46ms]
2025-07-14 21:09:36.395 [info] > git config --get commit.template [2ms]
2025-07-14 21:09:36.411 [info] > git for-each-ref --format=%(refname)%00%(upstream:short)%00%(objectname)%00%(upstream:track)%00%(upstream:remotename)%00%(upstream:remoteref) refs/heads/master refs/remotes/master [9ms]
2025-07-14 21:09:36.411 [warning] [Git][getBranch] No such branch: master
2025-07-14 21:09:36.434 [info] > git for-each-ref --sort -committerdate --format %(refname)%00%(objectname)%00%(*objectname) [2ms]
2025-07-14 21:09:36.466 [info] > git status -z -uall [51ms]
2025-07-14 21:09:41.110 [info] > git for-each-ref --format=%(refname)%00%(upstream:short)%00%(objectname)%00%(upstream:track)%00%(upstream:remotename)%00%(upstream:remoteref) refs/heads/master refs/remotes/master [51ms]
2025-07-14 21:09:41.111 [warning] [Git][getBranch] No such branch: master
2025-07-14 21:09:41.111 [info] > git config --get commit.template [55ms]
2025-07-14 21:09:41.129 [info] > git for-each-ref --sort -committerdate --format %(refname)%00%(objectname)%00%(*objectname) [12ms]
2025-07-14 21:09:41.147 [info] > git status -z -uall [34ms]
2025-07-14 21:09:41.782 [info] > git config --get commit.template [53ms]
2025-07-14 21:09:41.788 [info] > git for-each-ref --format=%(refname)%00%(upstream:short)%00%(objectname)%00%(upstream:track)%00%(upstream:remotename)%00%(upstream:remoteref) refs/heads/master refs/remotes/master [8ms]
2025-07-14 21:09:41.788 [warning] [Git][getBranch] No such branch: master
2025-07-14 21:09:41.859 [info] > git for-each-ref --sort -committerdate --format %(refname)%00%(objectname)%00%(*objectname) [43ms]
2025-07-14 21:09:41.861 [info] > git status -z -uall [49ms]
2025-07-14 21:09:45.674 [info] > git show --textconv :nextwork-web-project/src/main/webapp/index.jsp [38ms]
2025-07-14 21:09:45.675 [info] > git show --textconv HEAD:nextwork-web-project/src/main/webapp/index.jsp [30ms]
2025-07-14 21:09:45.675 [info] > git ls-files --stage -- nextwork-web-project/src/main/webapp/index.jsp [25ms]
2025-07-14 21:09:45.705 [info] > git cat-file -s c38169bb958579c635a5c09ee2f379cc5956c0c2 [25ms]
2025-07-14 21:09:45.706 [info] > git ls-tree -l HEAD -- nextwork-web-project/src/main/webapp/index.jsp [36ms]
2025-07-14 21:09:45.706 [info] fatal: Not a valid object name HEAD
2025-07-14 21:09:45.709 [info] > git hash-object -t tree /dev/null [26ms]
2025-07-14 21:09:45.710 [warning] [GitFileSystemProvider][readFile] File not found - git:/home/ec2-user/nextwork-web-project/src/main/webapp/index.jsp.git?%7B%22path%22%3A%22%2Fhome%2Fec2-user%2Fnextwork-web-project%2Fsrc%2Fmain%2Fwebapp%2Findex.jsp%22%2C%22ref%22%3A%22HEAD%22%7D
2025-07-14 21:09:45.713 [info] > git hash-object -t tree /dev/null [5ms]
2025-07-14 21:09:45.714 [warning] [GitFileSystemProvider][stat] File not found - git:/home/ec2-user/nextwork-web-project/src/main/webapp/index.jsp.git?%7B%22path%22%3A%22%2Fhome%2Fec2-user%2Fnextwork-web-project%2Fsrc%2Fmain%2Fwebapp%2Findex.jsp%22%2C%22ref%22%3A%22HEAD%22%7D
2025-07-14 21:09:49.937 [info] > git config --get commit.template [4ms]
2025-07-14 21:09:49.939 [info] > git for-each-ref --format=%(refname)%00%(upstream:short)%00%(objectname)%00%(upstream:track)%00%(upstream:remotename)%00%(upstream:remoteref) refs/heads/master refs/remotes/master [2ms]
2025-07-14 21:09:49.939 [warning] [Git][getBranch] No such branch: master
2025-07-14 21:09:49.953 [info] > git for-each-ref --sort -committerdate --format %(refname)%00%(objectname)%00%(*objectname) [8ms]
2025-07-14 21:09:49.970 [info] > git status -z -uall [29ms]
2025-07-14 21:10:22.583 [info] > git ls-files --stage -- nextwork-web-project/src/main/webapp/index.jsp [3ms]
2025-07-14 21:10:22.587 [info] > git cat-file -s c38169bb958579c635a5c09ee2f379cc5956c0c2 [2ms]
2025-07-14 21:10:22.757 [info] > git show --textconv :nextwork-web-project/src/main/webapp/index.jsp [6ms]
2025-07-14 21:10:23.167 [info] > git config --get commit.template [4ms]
2025-07-14 21:10:23.169 [info] > git for-each-ref --format=%(refname)%00%(upstream:short)%00%(objectname)%00%(upstream:track)%00%(upstream:remotename)%00%(upstream:remoteref) refs/heads/master refs/remotes/master [2ms]
2025-07-14 21:10:23.192 [info] > git for-each-ref --sort -committerdate --format %(refname)%00%(objectname)%00%(*objectname) [15ms]
2025-07-14 21:10:23.198 [info] > git status -z -uall [26ms]
2025-07-14 21:10:23.344 [info] > git blame --root --incremental c715e1ccc0eda1a6d8e2a278296073734e042fc2 -- nextwork-web-project/src/main/webapp/index.jsp [4ms]
2025-07-14 21:11:14.544 [info] > git config --get commit.template [4ms]
2025-07-14 21:11:14.546 [info] > git for-each-ref --format=%(refname)%00%(upstream:short)%00%(objectname)%00%(upstream:track)%00%(upstream:remotename)%00%(upstream:remoteref) refs/heads/master refs/remotes/master [3ms]
2025-07-14 21:11:14.571 [info] > git for-each-ref --sort -committerdate --format %(refname)%00%(objectname)%00%(*objectname) [19ms]
2025-07-14 21:11:14.573 [info] > git status -z -uall [25ms]
2025-07-14 21:11:19.584 [info] > git config --get commit.template [4ms]
2025-07-14 21:11:19.586 [info] > git for-each-ref --format=%(refname)%00%(upstream:short)%00%(objectname)%00%(upstream:track)%00%(upstream:remotename)%00%(upstream:remoteref) refs/heads/master refs/remotes/master [2ms]
2025-07-14 21:11:19.601 [info] > git for-each-ref --sort -committerdate --format %(refname)%00%(objectname)%00%(*objectname) [9ms]
2025-07-14 21:11:19.614 [info] > git status -z -uall [26ms]
2025-07-14 21:11:30.652 [info] > git config --get commit.template [4ms]
2025-07-14 21:11:30.655 [info] > git for-each-ref --format=%(refname)%00%(upstream:short)%00%(objectname)%00%(upstream:track)%00%(upstream:remotename)%00%(upstream:remoteref) refs/heads/master refs/remotes/master [4ms]
2025-07-14 21:11:30.681 [info] > git for-each-ref --sort -committerdate --format %(refname)%00%(objectname)%00%(*objectname) [20ms]
2025-07-14 21:11:30.682 [info] > git status -z -uall [25ms]
2025-07-14 21:11:38.038 [info] > git config --get commit.template [4ms]
2025-07-14 21:11:38.040 [info] > git for-each-ref --format=%(refname)%00%(upstream:short)%00%(objectname)%00%(upstream:track)%00%(upstream:remotename)%00%(upstream:remoteref) refs/heads/master refs/remotes/master [2ms]
2025-07-14 21:11:38.055 [info] > git for-each-ref --sort -committerdate --format %(refname)%00%(objectname)%00%(*objectname) [9ms]
2025-07-14 21:11:38.067 [info] > git status -z -uall [25ms]
2025-07-14 21:11:43.175 [info] > git config --get commit.template [5ms]
2025-07-14 21:11:43.177 [info] > git for-each-ref --format=%(refname)%00%(upstream:short)%00%(objectname)%00%(upstream:track)%00%(upstream:remotename)%00%(upstream:remoteref) refs/heads/master refs/remotes/master [3ms]
2025-07-14 21:11:43.201 [info] > git for-each-ref --sort -committerdate --format %(refname)%00%(objectname)%00%(*objectname) [17ms]
2025-07-14 21:11:43.205 [info] > git status -z -uall [26ms]
2025-07-14 21:11:50.078 [info] > git config --get commit.template [3ms]
2025-07-14 21:11:50.080 [info] > git for-each-ref --format=%(refname)%00%(upstream:short)%00%(objectname)%00%(upstream:track)%00%(upstream:remotename)%00%(upstream:remoteref) refs/heads/master refs/remotes/master [2ms]
2025-07-14 21:11:50.095 [info] > git for-each-ref --sort -committerdate --format %(refname)%00%(objectname)%00%(*objectname) [9ms]
2025-07-14 21:11:50.107 [info] > git status -z -uall [25ms]
2025-07-14 21:11:58.533 [info] > git config --get commit.template [3ms]
2025-07-14 21:11:58.535 [info] > git for-each-ref --format=%(refname)%00%(upstream:short)%00%(objectname)%00%(upstream:track)%00%(upstream:remotename)%00%(upstream:remoteref) refs/heads/master refs/remotes/master [2ms]
2025-07-14 21:11:58.561 [info] > git for-each-ref --sort -committerdate --format %(refname)%00%(objectname)%00%(*objectname) [20ms]
2025-07-14 21:11:58.562 [info] > git status -z -uall [25ms]
2025-07-14 21:12:16.518 [info] > git config --get commit.template [4ms]
2025-07-14 21:12:16.520 [info] > git for-each-ref --format=%(refname)%00%(upstream:short)%00%(objectname)%00%(upstream:track)%00%(upstream:remotename)%00%(upstream:remoteref) refs/heads/master refs/remotes/master [3ms]
2025-07-14 21:12:16.535 [info] > git for-each-ref --sort -committerdate --format %(refname)%00%(objectname)%00%(*objectname) [9ms]
2025-07-14 21:12:16.548 [info] > git status -z -uall [25ms]
2025-07-14 21:19:06.644 [info] > git config --get commit.template [4ms]
2025-07-14 21:19:06.646 [info] > git for-each-ref --format=%(refname)%00%(upstream:short)%00%(objectname)%00%(upstream:track)%00%(upstream:remotename)%00%(upstream:remoteref) refs/heads/master refs/remotes/master [2ms]
2025-07-14 21:19:06.666 [info] > git for-each-ref --sort -committerdate --format %(refname)%00%(objectname)%00%(*objectname) [14ms]
2025-07-14 21:19:06.674 [info] > git status -z -uall [26ms]
2025-07-14 21:19:11.684 [info] > git config --get commit.template [4ms]
2025-07-14 21:19:11.686 [info] > git for-each-ref --format=%(refname)%00%(upstream:short)%00%(objectname)%00%(upstream:track)%00%(upstream:remotename)%00%(upstream:remoteref) refs/heads/master refs/remotes/master [2ms]
2025-07-14 21:19:11.701 [info] > git for-each-ref --sort -committerdate --format %(refname)%00%(objectname)%00%(*objectname) [7ms]
2025-07-14 21:19:11.719 [info] > git status -z -uall [31ms]
2025-07-14 21:28:44.985 [info] > git config --get commit.template [4ms]
2025-07-14 21:28:44.987 [info] > git for-each-ref --format=%(refname)%00%(upstream:short)%00%(objectname)%00%(upstream:track)%00%(upstream:remotename)%00%(upstream:remoteref) refs/heads/master refs/remotes/master [2ms]
2025-07-14 21:28:45.001 [info] > git for-each-ref --sort -committerdate --format %(refname)%00%(objectname)%00%(*objectname) [8ms]
2025-07-14 21:28:45.015 [info] > git status -z -uall [26ms]
2025-07-14 21:28:50.023 [info] > git config --get commit.template [4ms]
2025-07-14 21:28:50.025 [info] > git for-each-ref --format=%(refname)%00%(upstream:short)%00%(objectname)%00%(upstream:track)%00%(upstream:remotename)%00%(upstream:remoteref) refs/heads/master refs/remotes/master [2ms]
2025-07-14 21:28:50.044 [info] > git for-each-ref --sort -committerdate --format %(refname)%00%(objectname)%00%(*objectname) [11ms]
2025-07-14 21:28:50.056 [info] > git status -z -uall [29ms]
2025-07-14 21:28:56.332 [info] > git config --get commit.template [5ms]
2025-07-14 21:28:56.333 [info] > git for-each-ref --format=%(refname)%00%(upstream:short)%00%(objectname)%00%(upstream:track)%00%(upstream:remotename)%00%(upstream:remoteref) refs/heads/master refs/remotes/master [2ms]
2025-07-14 21:28:56.349 [info] > git for-each-ref --sort -committerdate --format %(refname)%00%(objectname)%00%(*objectname) [10ms]
2025-07-14 21:28:56.360 [info] > git status -z -uall [25ms]
2025-07-14 21:29:33.471 [info] > git config --get commit.template [6ms]
2025-07-14 21:29:33.473 [info] > git for-each-ref --format=%(refname)%00%(upstream:short)%00%(objectname)%00%(upstream:track)%00%(upstream:remotename)%00%(upstream:remoteref) refs/heads/master refs/remotes/master [7ms]
2025-07-14 21:29:33.486 [info] > git for-each-ref --sort -committerdate --format %(refname)%00%(objectname)%00%(*objectname) [3ms]
2025-07-14 21:29:33.526 [info] > git status -z -uall [46ms]
2025-07-14 21:29:33.543 [info] > git merge-base refs/heads/master refs/remotes/origin/master [4ms]
2025-07-14 21:29:33.548 [info] > git diff --name-status -z --diff-filter=ADMR c715e1ccc0eda1a6d8e2a278296073734e042fc2...refs/remotes/origin/master [2ms]
2025-07-14 21:30:06.283 [info] > git config --get commit.template [16ms]
2025-07-14 21:30:06.285 [info] > git for-each-ref --format=%(refname)%00%(upstream:short)%00%(objectname)%00%(upstream:track)%00%(upstream:remotename)%00%(upstream:remoteref) refs/heads/master refs/remotes/master [3ms]
2025-07-14 21:30:06.312 [info] > git for-each-ref --sort -committerdate --format %(refname)%00%(objectname)%00%(*objectname) [15ms]
2025-07-14 21:30:06.319 [info] > git status -z -uall [27ms]
2025-07-14 21:30:06.782 [info] > git ls-files --stage -- nextwork-web-project/src/main/webapp/index.jsp [4ms]
2025-07-14 21:30:06.785 [info] > git cat-file -s c38169bb958579c635a5c09ee2f379cc5956c0c2 [1ms]
2025-07-14 21:30:06.912 [info] > git show --textconv :nextwork-web-project/src/main/webapp/index.jsp [4ms]
2025-07-14 21:30:11.330 [info] > git config --get commit.template [4ms]
2025-07-14 21:30:11.332 [info] > git for-each-ref --format=%(refname)%00%(upstream:short)%00%(objectname)%00%(upstream:track)%00%(upstream:remotename)%00%(upstream:remoteref) refs/heads/master refs/remotes/master [2ms]
2025-07-14 21:30:11.352 [info] > git for-each-ref --sort -committerdate --format %(refname)%00%(objectname)%00%(*objectname) [14ms]
2025-07-14 21:30:11.362 [info] > git status -z -uall [28ms]
2025-07-14 21:30:12.344 [info] > git check-ignore -v -z --stdin [2ms]
2025-07-14 21:30:16.372 [info] > git config --get commit.template [5ms]
2025-07-14 21:30:16.374 [info] > git for-each-ref --format=%(refname)%00%(upstream:short)%00%(objectname)%00%(upstream:track)%00%(upstream:remotename)%00%(upstream:remoteref) refs/heads/master refs/remotes/master [4ms]
2025-07-14 21:30:16.392 [info] > git for-each-ref --sort -committerdate --format %(refname)%00%(objectname)%00%(*objectname) [12ms]
2025-07-14 21:30:16.401 [info] > git status -z -uall [25ms]
2025-07-14 21:31:47.159 [info] > git check-ignore -v -z --stdin [3ms]
2025-07-14 21:32:29.606 [info] > git config --get commit.template [4ms]
2025-07-14 21:32:29.608 [info] > git for-each-ref --format=%(refname)%00%(upstream:short)%00%(objectname)%00%(upstream:track)%00%(upstream:remotename)%00%(upstream:remoteref) refs/heads/master refs/remotes/master [3ms]
2025-07-14 21:32:29.632 [info] > git for-each-ref --sort -committerdate --format %(refname)%00%(objectname)%00%(*objectname) [18ms]
2025-07-14 21:32:29.637 [info] > git status -z -uall [27ms]
2025-07-14 21:32:34.646 [info] > git config --get commit.template [4ms]
2025-07-14 21:32:34.648 [info] > git for-each-ref --format=%(refname)%00%(upstream:short)%00%(objectname)%00%(upstream:track)%00%(upstream:remotename)%00%(upstream:remoteref) refs/heads/master refs/remotes/master [2ms]
2025-07-14 21:32:34.663 [info] > git for-each-ref --sort -committerdate --format %(refname)%00%(objectname)%00%(*objectname) [9ms]
2025-07-14 21:32:34.676 [info] > git status -z -uall [26ms]
2025-07-14 21:32:40.406 [info] > git config --get commit.template [4ms]
2025-07-14 21:32:40.408 [info] > git for-each-ref --format=%(refname)%00%(upstream:short)%00%(objectname)%00%(upstream:track)%00%(upstream:remotename)%00%(upstream:remoteref) refs/heads/master refs/remotes/master [2ms]
2025-07-14 21:32:40.423 [info] > git for-each-ref --sort -committerdate --format %(refname)%00%(objectname)%00%(*objectname) [9ms]
2025-07-14 21:32:40.435 [info] > git status -z -uall [24ms]
2025-07-14 21:34:53.032 [info] > git config --get commit.template [4ms]
2025-07-14 21:34:53.034 [info] > git for-each-ref --format=%(refname)%00%(upstream:short)%00%(objectname)%00%(upstream:track)%00%(upstream:remotename)%00%(upstream:remoteref) refs/heads/master refs/remotes/master [2ms]
2025-07-14 21:34:53.060 [info] > git for-each-ref --sort -committerdate --format %(refname)%00%(objectname)%00%(*objectname) [20ms]
2025-07-14 21:34:53.062 [info] > git status -z -uall [25ms]
2025-07-14 21:34:57.504 [info] > git check-ignore -v -z --stdin [3ms]
2025-07-14 21:34:58.071 [info] > git config --get commit.template [4ms]
2025-07-14 21:34:58.074 [info] > git for-each-ref --format=%(refname)%00%(upstream:short)%00%(objectname)%00%(upstream:track)%00%(upstream:remotename)%00%(upstream:remoteref) refs/heads/master refs/remotes/master [3ms]
2025-07-14 21:34:58.102 [info] > git for-each-ref --sort -committerdate --format %(refname)%00%(objectname)%00%(*objectname) [22ms]
2025-07-14 21:34:58.106 [info] > git status -z -uall [30ms]
